[0m16:21:54.409308 [debug] [MainThread]: Sending event: {'category': 'dbt', 'action': 'invocation', 'label': 'start', 'context': [<snowplow_tracker.self_describing_json.SelfDescribingJson object at 0x7941421b2b90>, <snowplow_tracker.self_describing_json.SelfDescribingJson object at 0x79414261fd30>, <snowplow_tracker.self_describing_json.SelfDescribingJson object at 0x79414261fcd0>]}


============================== 16:21:54.436792 | c1205202-7df7-448d-a3c7-965b7ec13d24 ==============================
[0m16:21:54.436792 [info ] [MainThread]: Running with dbt=1.7.10
[0m16:21:54.437764 [debug] [MainThread]: running dbt with arguments {'printer_width': '80', 'indirect_selection': 'eager', 'log_cache_events': 'False', 'write_json': 'True', 'partial_parse': 'True', 'cache_selected_only': 'False', 'warn_error': 'None', 'debug': 'False', 'version_check': 'True', 'log_path': 'logs', 'fail_fast': 'False', 'profiles_dir': '/home/miros/.dbt', 'use_colors': 'True', 'use_experimental_parser': 'False', 'no_print': 'None', 'quiet': 'False', 'warn_error_options': 'WarnErrorOptions(include=[], exclude=[])', 'static_parser': 'True', 'invocation_command': 'dbt init', 'log_format': 'default', 'target_path': 'None', 'introspect': 'True', 'send_anonymous_usage_stats': 'True'}
[0m16:21:54.438642 [warn ] [MainThread]: [ConfigFolderDirectory]: Unable to parse dict {'dir': PosixPath('/home/miros/.dbt')}
[0m16:21:54.439357 [info ] [MainThread]: Creating dbt configuration folder at 
[0m16:22:39.366668 [debug] [MainThread]: Starter project path: /home/miros/.cache/pypoetry/virtualenvs/amazon-sales-MEynCc2f-py3.10/lib/python3.10/site-packages/dbt/include/starter_project
[0m16:22:39.372152 [info ] [MainThread]: 
Your new dbt project "amazon_sales_dbt" was created!

For more information on how to configure the profiles.yml file,
please consult the dbt documentation here:

  https://docs.getdbt.com/docs/configure-your-profile

One more thing:

Need help? Don't hesitate to reach out to us via GitHub issues or on Slack:

  https://community.getdbt.com/

Happy modeling!

[0m16:22:39.372575 [info ] [MainThread]: Setting up your profile.
[0m16:24:29.185341 [info ] [MainThread]: Profile amazon_sales_dbt written to /home/miros/.dbt/profiles.yml using target's profile_template.yml and your supplied values. Run 'dbt debug' to validate the connection.
[0m16:24:29.187126 [debug] [MainThread]: Resource report: {"command_name": "init", "command_success": true, "command_wall_clock_time": 154.78137, "process_user_time": 1.854688, "process_kernel_time": 0.080116, "process_mem_max_rss": "90804", "process_in_blocks": "1064", "process_out_blocks": "88"}
[0m16:24:29.187688 [debug] [MainThread]: Command `dbt init` succeeded at 16:24:29.187543 after 154.78 seconds
[0m16:24:29.188070 [debug] [MainThread]: Sending event: {'category': 'dbt', 'action': 'invocation', 'label': 'end', 'context': [<snowplow_tracker.self_describing_json.SelfDescribingJson object at 0x7941421b2b90>, <snowplow_tracker.self_describing_json.SelfDescribingJson object at 0x794140a51060>, <snowplow_tracker.self_describing_json.SelfDescribingJson object at 0x79414261fdf0>]}
[0m16:24:29.188475 [debug] [MainThread]: Flushing usage events
[0m16:24:55.724719 [debug] [MainThread]: Sending event: {'category': 'dbt', 'action': 'invocation', 'label': 'start', 'context': [<snowplow_tracker.self_describing_json.SelfDescribingJson object at 0x75448cfa2b90>, <snowplow_tracker.self_describing_json.SelfDescribingJson object at 0x75448b0d15d0>, <snowplow_tracker.self_describing_json.SelfDescribingJson object at 0x75448b0d0b20>]}


============================== 16:24:55.727006 | 5b9a5e34-de8b-4def-a1ed-d944eec87b9d ==============================
[0m16:24:55.727006 [info ] [MainThread]: Running with dbt=1.7.10
[0m16:24:55.727495 [debug] [MainThread]: running dbt with arguments {'printer_width': '80', 'indirect_selection': 'eager', 'log_cache_events': 'False', 'write_json': 'True', 'partial_parse': 'True', 'cache_selected_only': 'False', 'profiles_dir': '/home/miros/.dbt', 'version_check': 'True', 'debug': 'False', 'log_path': 'logs', 'warn_error': 'None', 'fail_fast': 'False', 'use_colors': 'True', 'use_experimental_parser': 'False', 'no_print': 'None', 'quiet': 'False', 'log_format': 'default', 'static_parser': 'True', 'warn_error_options': 'WarnErrorOptions(include=[], exclude=[])', 'invocation_command': 'dbt debug', 'target_path': 'None', 'introspect': 'True', 'send_anonymous_usage_stats': 'True'}
[0m16:24:55.728001 [info ] [MainThread]: dbt version: 1.7.10
[0m16:24:55.728364 [info ] [MainThread]: python version: 3.10.12
[0m16:24:55.728712 [info ] [MainThread]: python path: /home/miros/.cache/pypoetry/virtualenvs/amazon-sales-MEynCc2f-py3.10/bin/python
[0m16:24:55.729055 [info ] [MainThread]: os info: Linux-6.5.0-26-generic-x86_64-with-glibc2.35
[0m16:24:55.807236 [info ] [MainThread]: Using profiles dir at /home/miros/.dbt
[0m16:24:55.807690 [info ] [MainThread]: Using profiles.yml file at /home/miros/.dbt/profiles.yml
[0m16:24:55.808057 [info ] [MainThread]: Using dbt_project.yml file at /home/miros/DataOps/projects/amazon-sales/dbt_project.yml
[0m16:24:55.808550 [info ] [MainThread]: adapter type: postgres
[0m16:24:55.808942 [info ] [MainThread]: adapter version: 1.7.10
[0m16:24:55.809297 [info ] [MainThread]: Configuration:
[0m16:24:55.809639 [info ] [MainThread]:   profiles.yml file [[32mOK found and valid[0m]
[0m16:24:55.810063 [info ] [MainThread]:   dbt_project.yml file [[31mERROR not found[0m]
[0m16:24:55.810439 [info ] [MainThread]: Required dependencies:
[0m16:24:55.810796 [debug] [MainThread]: Executing "git --help"
[0m16:24:55.828661 [debug] [MainThread]: STDOUT: "b"usage: git [--version] [--help] [-C <path>] [-c <name>=<value>]\n           [--exec-path[=<path>]] [--html-path] [--man-path] [--info-path]\n           [-p | --paginate | -P | --no-pager] [--no-replace-objects] [--bare]\n           [--git-dir=<path>] [--work-tree=<path>] [--namespace=<name>]\n           [--super-prefix=<path>] [--config-env=<name>=<envvar>]\n           <command> [<args>]\n\nThese are common Git commands used in various situations:\n\nstart a working area (see also: git help tutorial)\n   clone     Clone a repository into a new directory\n   init      Create an empty Git repository or reinitialise an existing one\n\nwork on the current change (see also: git help everyday)\n   add       Add file contents to the index\n   mv        Move or rename a file, a directory, or a symlink\n   restore   Restore working tree files\n   rm        Remove files from the working tree and from the index\n\nexamine the history and state (see also: git help revisions)\n   bisect    Use binary search to find the commit that introduced a bug\n   diff      Show changes between commits, commit and working tree, etc\n   grep      Print lines matching a pattern\n   log       Show commit logs\n   show      Show various types of objects\n   status    Show the working tree status\n\ngrow, mark and tweak your common history\n   branch    List, create, or delete branches\n   commit    Record changes to the repository\n   merge     Join two or more development histories together\n   rebase    Reapply commits on top of another base tip\n   reset     Reset current HEAD to the specified state\n   switch    Switch branches\n   tag       Create, list, delete or verify a tag object signed with GPG\n\ncollaborate (see also: git help workflows)\n   fetch     Download objects and refs from another repository\n   pull      Fetch from and integrate with another repository or a local branch\n   push      Update remote refs along with associated objects\n\n'git help -a' and 'git help -g' list available subcommands and some\nconcept guides. See 'git help <command>' or 'git help <concept>'\nto read about a specific subcommand or concept.\nSee 'git help git' for an overview of the system.\n""
[0m16:24:55.829130 [debug] [MainThread]: STDERR: "b''"
[0m16:24:55.829473 [info ] [MainThread]:  - git [[32mOK found[0m]

[0m16:24:55.829833 [info ] [MainThread]: Connection:
[0m16:24:55.830266 [info ] [MainThread]:   host: localhost
[0m16:24:55.830611 [info ] [MainThread]:   port: 5432
[0m16:24:55.830958 [info ] [MainThread]:   user: pagoda
[0m16:24:55.831295 [info ] [MainThread]:   database: pagoda
[0m16:24:55.831631 [info ] [MainThread]:   schema: analytics
[0m16:24:55.831965 [info ] [MainThread]:   connect_timeout: 10
[0m16:24:55.832298 [info ] [MainThread]:   role: None
[0m16:24:55.832631 [info ] [MainThread]:   search_path: None
[0m16:24:55.832968 [info ] [MainThread]:   keepalives_idle: 0
[0m16:24:55.833304 [info ] [MainThread]:   sslmode: None
[0m16:24:55.833639 [info ] [MainThread]:   sslcert: None
[0m16:24:55.834107 [info ] [MainThread]:   sslkey: None
[0m16:24:55.834503 [info ] [MainThread]:   sslrootcert: None
[0m16:24:55.834912 [info ] [MainThread]:   application_name: dbt
[0m16:24:55.835259 [info ] [MainThread]:   retries: 1
[0m16:24:55.835659 [info ] [MainThread]: Registered adapter: postgres=1.7.10
[0m16:24:55.836181 [debug] [MainThread]: Acquiring new postgres connection 'debug'
[0m16:24:55.836714 [debug] [MainThread]: Using postgres connection "debug"
[0m16:24:55.837094 [debug] [MainThread]: On debug: select 1 as id
[0m16:24:55.837492 [debug] [MainThread]: Opening a new connection, currently in state init
[0m16:24:55.946007 [debug] [MainThread]: SQL status: SELECT 1 in 0.0 seconds
[0m16:24:55.950061 [debug] [MainThread]: On debug: Close
[0m16:24:55.950750 [info ] [MainThread]:   Connection test: [[32mOK connection ok[0m]

[0m16:24:55.951289 [info ] [MainThread]: [31m1 check failed:[0m
[0m16:24:55.951697 [info ] [MainThread]: Project loading failed for the following reason:
 project path </home/miros/DataOps/projects/amazon-sales/dbt_project.yml> not found

[0m16:24:55.952608 [debug] [MainThread]: Resource report: {"command_name": "debug", "command_wall_clock_time": 0.2690426, "process_user_time": 1.870402, "process_kernel_time": 0.103249, "process_mem_max_rss": "94544", "process_in_blocks": "24", "process_out_blocks": "24", "command_success": false}
[0m16:24:55.953198 [debug] [MainThread]: Command `dbt debug` failed at 16:24:55.953046 after 0.27 seconds
[0m16:24:55.953570 [debug] [MainThread]: Connection 'debug' was properly closed.
[0m16:24:55.953953 [debug] [MainThread]: Sending event: {'category': 'dbt', 'action': 'invocation', 'label': 'end', 'context': [<snowplow_tracker.self_describing_json.SelfDescribingJson object at 0x75448cfa2b90>, <snowplow_tracker.self_describing_json.SelfDescribingJson object at 0x75448bae6f50>, <snowplow_tracker.self_describing_json.SelfDescribingJson object at 0x75448ab84ee0>]}
[0m16:24:55.954372 [debug] [MainThread]: Flushing usage events
